[2021-12-26 11:17:16] main.DEBUG: array (
  'request' => 
  array (
    'partnerCode' => '****',
    'accessKey' => '****',
    'requestId' => '1640517434000',
    'amount' => '299005',
    'orderId' => '000000010',
    'orderInfo' => 'Default Store View',
    'returnUrl' => 'http://bookgarden.me/momo/payment/return/',
    'notifyUrl' => 'http://bookgarden.me/momo/payment/ipn/',
    'extraData' => 'merchantName=BookGardent',
    'signature' => 'a51f655ac0c33f5391398713bef32f9ed442f507eb3b9e7420fbab6f30d36e33',
    'requestType' => 'captureMoMoWallet',
  ),
  'request_uri' => 'https://test-payment.momo.vn/gw_payment/transactionProcessor',
  'response' => 
  array (
    'requestId' => '1640517434000',
    'errorCode' => 0,
    'orderId' => '000000010',
    'message' => 'Success',
    'localMessage' => 'Thành công',
    'requestType' => 'captureMoMoWallet',
    'payUrl' => 'https://test-payment.momo.vn/gw_payment/payment/qr?partnerCode=MOMOULGH20210723&accessKey=ZoLvqq9PbnbqI2tL&requestId=1640517434000&amount=299005&orderId=000000010&signature=d9788721b286a52530dcb153d499abcd956aacde88a89a6dd2f9644587617e5e&requestType=captureMoMoWallet',
    'signature' => '3c54b67f1b10a734a8aa02a2ad1401e4d41b28bd8d733ba732000a4f49b3d668',
  ),
) [] []
[2021-12-27 16:29:31] main.DEBUG: array (
  'request' => 
  array (
    'partnerCode' => '****',
    'accessKey' => '****',
    'requestId' => '1640622570000',
    'amount' => '191000',
    'orderId' => '000000013',
    'orderInfo' => 'Default Store View',
    'returnUrl' => 'http://bookgarden.me/momo/payment/return/',
    'notifyUrl' => 'http://bookgarden.me/momo/payment/ipn/',
    'extraData' => 'merchantName=BookGardent',
    'signature' => 'ac5430dc9cf9e3003c32e3b3561af8d10726b0bd49a041c79893dfc85062b810',
    'requestType' => 'captureMoMoWallet',
  ),
  'request_uri' => 'https://test-payment.momo.vn/gw_payment/transactionProcessor',
  'response' => 
  array (
    'requestId' => '1640622570000',
    'errorCode' => 0,
    'orderId' => '000000013',
    'message' => 'Success',
    'localMessage' => 'Thành công',
    'requestType' => 'captureMoMoWallet',
    'payUrl' => 'https://test-payment.momo.vn/gw_payment/payment/qr?partnerCode=MOMOULGH20210723&accessKey=ZoLvqq9PbnbqI2tL&requestId=1640622570000&amount=191000&orderId=000000013&signature=7af1257859f9f563d1150d3f240111424a5893a84bc0013467909b422d4218c1&requestType=captureMoMoWallet',
    'signature' => 'ed722eb5860c5cb566cbb8c6cf38521347fa106928c537f716551abe5cafa821',
  ),
) [] []
[2021-12-27 16:30:22] main.DEBUG: array (
  'request' => 
  array (
    'partnerCode' => '****',
    'accessKey' => '****',
    'requestId' => '1640622620000',
    'amount' => '86000',
    'orderId' => '000000014',
    'orderInfo' => 'Default Store View',
    'returnUrl' => 'http://bookgarden.me/momo/payment/return/',
    'notifyUrl' => 'http://bookgarden.me/momo/payment/ipn/',
    'extraData' => 'merchantName=BookGardent',
    'signature' => 'accd69a1d3dcdb3dae0d446e27e7766c91d1eee1f1fcef636b2515e80546217d',
    'requestType' => 'captureMoMoWallet',
  ),
  'request_uri' => 'https://test-payment.momo.vn/gw_payment/transactionProcessor',
  'response' => 
  array (
    'requestId' => '1640622620000',
    'errorCode' => 0,
    'orderId' => '000000014',
    'message' => 'Success',
    'localMessage' => 'Thành công',
    'requestType' => 'captureMoMoWallet',
    'payUrl' => 'https://test-payment.momo.vn/gw_payment/payment/qr?partnerCode=MOMOULGH20210723&accessKey=ZoLvqq9PbnbqI2tL&requestId=1640622620000&amount=86000&orderId=000000014&signature=30d8994c79dcf17acc29a5aeb6b176a81d806213e149ef40f9b6f25ebac8d85d&requestType=captureMoMoWallet',
    'signature' => '2baf9e30ed90026e3cda46aef6cf65cc33af63731abca953804705d19a031017',
  ),
) [] []
